{"version":8,"type":"context-options","origin":"library","browserName":"chromium","playwrightVersion":"1.60.0","options":{"noDefaultViewport":false,"viewport":{"width":1280,"height":720},"ignoreHTTPSErrors":false,"javaScriptEnabled":true,"bypassCSP":false,"userAgent":"Mozilla/5.0 (Windows NT 10.0; Win64; x64) AppleWebKit/537.36 (KHTML, like Gecko) Chrome/148.0.7778.96 Safari/537.36","locale":"en-US","offline":false,"deviceScaleFactor":1,"isMobile":false,"hasTouch":false,"colorScheme":"light","acceptDownloads":"accept","baseURL":"http://localhost:3002","recordVideo":{"dir":"/home/runner/workspace/e2e/artifacts/.playwright-artifacts-6"},"serviceWorkers":"allow","selectorEngines":[],"testIdAttributeName":"data-testid"},"platform":"linux","wallTime":1779362660384,"monotonicTime":149684.481,"sdkLanguage":"javascript","testIdAttributeName":"data-testid","contextId":"browser-context@44b910eff556c51bbc0801639db10bf7","title":"rider/history.spec.ts:20 › Rider Ride History › ride history list or table renders"}
{"type":"before","callId":"call@6","startTime":149697.406,"class":"BrowserContext","method":"newPage","params":{},"stepId":"pw:api@35"}
{"type":"event","time":150902.34,"class":"BrowserContext","method":"page","params":{"pageId":"page@0cef5f6d899783be881ad925a379385a"}}
{"type":"after","callId":"call@6","endTime":150902.454,"result":{"page":"<Page>"}}
{"type":"before","callId":"call@8","startTime":150947.629,"class":"Page","method":"addInitScript","params":{"source":"(() => {\n    localStorage.setItem(\"ajkmart_rider_token\", \"e2e-fake-rider-access-token\");\n    localStorage.setItem(\"ajkmart_rider_refresh_token\", \"e2e-fake-rider-refresh-token\");\n  })(undefined)"},"stepId":"pw:api@36","pageId":"page@0cef5f6d899783be881ad925a379385a"}
{"type":"after","callId":"call@8","endTime":150976.753,"result":{"disposable":"<Disposable>"}}
{"type":"before","callId":"call@10","startTime":150982.973,"title":"Route requests","class":"Page","method":"setNetworkInterceptionPatterns","params":{"patterns":[{"glob":"**/api/rider/me"}]},"stepId":"pw:api@37","pageId":"page@0cef5f6d899783be881ad925a379385a"}
{"type":"after","callId":"call@10","endTime":150998.774}
{"type":"before","callId":"call@12","startTime":151003.72,"title":"Route requests","class":"Page","method":"setNetworkInterceptionPatterns","params":{"patterns":[{"glob":"**/api/users/me"},{"glob":"**/api/rider/me"}]},"stepId":"pw:api@38","pageId":"page@0cef5f6d899783be881ad925a379385a"}
{"type":"after","callId":"call@12","endTime":151003.958}
{"type":"before","callId":"call@14","startTime":151029.076,"title":"Route requests","class":"Page","method":"setNetworkInterceptionPatterns","params":{"patterns":[{"glob":"**/api/auth/me"},{"glob":"**/api/users/me"},{"glob":"**/api/rider/me"}]},"stepId":"pw:api@39","pageId":"page@0cef5f6d899783be881ad925a379385a"}
{"type":"after","callId":"call@14","endTime":151029.257}
{"type":"screencast-frame","pageId":"page@0cef5f6d899783be881ad925a379385a","sha1":"page@0cef5f6d899783be881ad925a379385a-1779362661733.jpeg","width":1280,"height":720,"timestamp":151034.183,"frameSwapWallTime":1779362661696.483}
{"type":"before","callId":"call@16","startTime":151035.698,"title":"Route requests","class":"Page","method":"setNetworkInterceptionPatterns","params":{"patterns":[{"glob":"**/api/auth/refresh"},{"glob":"**/api/auth/me"},{"glob":"**/api/users/me"},{"glob":"**/api/rider/me"}]},"stepId":"pw:api@40","pageId":"page@0cef5f6d899783be881ad925a379385a"}
{"type":"after","callId":"call@16","endTime":151035.823}
{"type":"before","callId":"call@18","startTime":151039.983,"title":"Route requests","class":"Page","method":"setNetworkInterceptionPatterns","params":{"patterns":[{"glob":"**/api/rider/earnings**"},{"glob":"**/api/auth/refresh"},{"glob":"**/api/auth/me"},{"glob":"**/api/users/me"},{"glob":"**/api/rider/me"}]},"stepId":"pw:api@41","pageId":"page@0cef5f6d899783be881ad925a379385a"}
{"type":"after","callId":"call@18","endTime":151040.108}
{"type":"before","callId":"call@20","startTime":151044.572,"title":"Route requests","class":"Page","method":"setNetworkInterceptionPatterns","params":{"patterns":[{"glob":"**/api/rides**"},{"glob":"**/api/rider/earnings**"},{"glob":"**/api/auth/refresh"},{"glob":"**/api/auth/me"},{"glob":"**/api/users/me"},{"glob":"**/api/rider/me"}]},"stepId":"pw:api@42","pageId":"page@0cef5f6d899783be881ad925a379385a"}
{"type":"after","callId":"call@20","endTime":151044.677}
{"type":"before","callId":"call@22","startTime":151047.462,"title":"Route requests","class":"Page","method":"setNetworkInterceptionPatterns","params":{"patterns":[{"glob":"**/api/rider/rides**"},{"glob":"**/api/rides**"},{"glob":"**/api/rider/earnings**"},{"glob":"**/api/auth/refresh"},{"glob":"**/api/auth/me"},{"glob":"**/api/users/me"},{"glob":"**/api/rider/me"}]},"stepId":"pw:api@43","pageId":"page@0cef5f6d899783be881ad925a379385a"}
{"type":"after","callId":"call@22","endTime":151047.597}
{"type":"before","callId":"call@24","startTime":151050.069,"title":"Route requests","class":"Page","method":"setNetworkInterceptionPatterns","params":{"patterns":[{"glob":"**/api/wallet**"},{"glob":"**/api/rider/rides**"},{"glob":"**/api/rides**"},{"glob":"**/api/rider/earnings**"},{"glob":"**/api/auth/refresh"},{"glob":"**/api/auth/me"},{"glob":"**/api/users/me"},{"glob":"**/api/rider/me"}]},"stepId":"pw:api@44","pageId":"page@0cef5f6d899783be881ad925a379385a"}
{"type":"after","callId":"call@24","endTime":151052.931}
{"type":"before","callId":"call@26","startTime":151056.4,"title":"Route requests","class":"Page","method":"setNetworkInterceptionPatterns","params":{"patterns":[{"glob":"**/api/rider/status**"},{"glob":"**/api/wallet**"},{"glob":"**/api/rider/rides**"},{"glob":"**/api/rides**"},{"glob":"**/api/rider/earnings**"},{"glob":"**/api/auth/refresh"},{"glob":"**/api/auth/me"},{"glob":"**/api/users/me"},{"glob":"**/api/rider/me"}]},"stepId":"pw:api@45","pageId":"page@0cef5f6d899783be881ad925a379385a"}
{"type":"after","callId":"call@26","endTime":151056.528}
{"type":"before","callId":"call@28","startTime":151060.564,"title":"Route requests","class":"Page","method":"setNetworkInterceptionPatterns","params":{"patterns":[{"glob":"**/api/locations/rider**"},{"glob":"**/api/rider/status**"},{"glob":"**/api/wallet**"},{"glob":"**/api/rider/rides**"},{"glob":"**/api/rides**"},{"glob":"**/api/rider/earnings**"},{"glob":"**/api/auth/refresh"},{"glob":"**/api/auth/me"},{"glob":"**/api/users/me"},{"glob":"**/api/rider/me"}]},"stepId":"pw:api@46","pageId":"page@0cef5f6d899783be881ad925a379385a"}
{"type":"after","callId":"call@28","endTime":151060.798}
{"type":"before","callId":"call@30","startTime":151063.675,"title":"Route requests","class":"Page","method":"setNetworkInterceptionPatterns","params":{"patterns":[{"glob":"**/api/notifications**"},{"glob":"**/api/locations/rider**"},{"glob":"**/api/rider/status**"},{"glob":"**/api/wallet**"},{"glob":"**/api/rider/rides**"},{"glob":"**/api/rides**"},{"glob":"**/api/rider/earnings**"},{"glob":"**/api/auth/refresh"},{"glob":"**/api/auth/me"},{"glob":"**/api/users/me"},{"glob":"**/api/rider/me"}]},"stepId":"pw:api@47","pageId":"page@0cef5f6d899783be881ad925a379385a"}
{"type":"after","callId":"call@30","endTime":151063.764}
{"type":"before","callId":"call@32","startTime":151069.24,"title":"Route requests","class":"Page","method":"setNetworkInterceptionPatterns","params":{"patterns":[{"glob":"**/api/rider/profile**"},{"glob":"**/api/notifications**"},{"glob":"**/api/locations/rider**"},{"glob":"**/api/rider/status**"},{"glob":"**/api/wallet**"},{"glob":"**/api/rider/rides**"},{"glob":"**/api/rides**"},{"glob":"**/api/rider/earnings**"},{"glob":"**/api/auth/refresh"},{"glob":"**/api/auth/me"},{"glob":"**/api/users/me"},{"glob":"**/api/rider/me"}]},"stepId":"pw:api@48","pageId":"page@0cef5f6d899783be881ad925a379385a"}
{"type":"after","callId":"call@32","endTime":151069.441}
{"type":"before","callId":"call@34","startTime":151073.541,"title":"Route requests","class":"Page","method":"setNetworkInterceptionPatterns","params":{"patterns":[{"glob":"**/api/rider/penalty**"},{"glob":"**/api/rider/profile**"},{"glob":"**/api/notifications**"},{"glob":"**/api/locations/rider**"},{"glob":"**/api/rider/status**"},{"glob":"**/api/wallet**"},{"glob":"**/api/rider/rides**"},{"glob":"**/api/rides**"},{"glob":"**/api/rider/earnings**"},{"glob":"**/api/auth/refresh"},{"glob":"**/api/auth/me"},{"glob":"**/api/users/me"},{"glob":"**/api/rider/me"}]},"stepId":"pw:api@49","pageId":"page@0cef5f6d899783be881ad925a379385a"}
{"type":"after","callId":"call@34","endTime":151073.643}
{"type":"before","callId":"call@36","startTime":151079.28,"class":"Frame","method":"goto","params":{"url":"/rider/history","timeout":0,"waitUntil":"load"},"stepId":"pw:api@50","pageId":"page@0cef5f6d899783be881ad925a379385a","beforeSnapshot":"before@call@36"}
{"type":"frame-snapshot","snapshot":{"callId":"call@36","snapshotName":"before@call@36","pageId":"page@0cef5f6d899783be881ad925a379385a","frameId":"frame@7745ee9c596f42313bdd02940a2e00bb","frameUrl":"about:blank","html":["HTML",{},["HEAD",{},["BASE",{"href":"about:blank"}]],["BODY"]],"viewport":{"width":1280,"height":720},"timestamp":151096.848,"wallTime":1779362661784,"collectionTime":1.6000000014901161,"resourceOverrides":[],"isMainFrame":true}}
{"type":"log","callId":"call@36","time":151100.608,"message":"navigating to \"http://localhost:3002/rider/history\", waiting until \"load\""}
{"type":"console","messageType":"debug","text":"[vite] connecting...","args":[{"preview":"[vite] connecting...","value":"[vite] connecting..."}],"location":{"url":"http://localhost:3002/rider/@vite/client","lineNumber":732,"columnNumber":8},"time":151676.562,"pageId":"page@0cef5f6d899783be881ad925a379385a"}
{"type":"screencast-frame","pageId":"page@0cef5f6d899783be881ad925a379385a","sha1":"page@0cef5f6d899783be881ad925a379385a-1779362662406.jpeg","width":1280,"height":720,"timestamp":151706.988,"frameSwapWallTime":1779362662380.06}
