{"version":8,"type":"context-options","origin":"library","browserName":"chromium","playwrightVersion":"1.60.0","options":{"noDefaultViewport":false,"viewport":{"width":1280,"height":720},"ignoreHTTPSErrors":false,"javaScriptEnabled":true,"bypassCSP":false,"userAgent":"Mozilla/5.0 (Windows NT 10.0; Win64; x64) AppleWebKit/537.36 (KHTML, like Gecko) Chrome/148.0.7778.96 Safari/537.36","locale":"en-US","offline":false,"deviceScaleFactor":1,"isMobile":false,"hasTouch":false,"colorScheme":"light","acceptDownloads":"accept","baseURL":"http://localhost:3001","recordVideo":{"dir":"/home/runner/workspace/e2e/artifacts/.playwright-artifacts-10"},"serviceWorkers":"allow","selectorEngines":[],"testIdAttributeName":"data-testid"},"platform":"linux","wallTime":1779362661468,"monotonicTime":262560.624,"sdkLanguage":"javascript","testIdAttributeName":"data-testid","contextId":"browser-context@caa4e1bb639933243e6c30df70490b13","title":"vendor/products.spec.ts:74 › Vendor Products › active / inactive product toggle present"}
{"type":"before","callId":"call@6","startTime":262576.035,"class":"BrowserContext","method":"newPage","params":{},"stepId":"pw:api@35"}
{"type":"event","time":263639.731,"class":"BrowserContext","method":"page","params":{"pageId":"page@920b07f33ea5dbad31baa0c0fecc2124"}}
{"type":"after","callId":"call@6","endTime":263639.839,"result":{"page":"<Page>"}}
{"type":"before","callId":"call@8","startTime":263671.868,"class":"Page","method":"addInitScript","params":{"source":"(() => {\n    sessionStorage.setItem(\"ajkmart_vendor_token\", \"e2e-fake-vendor-access-token\");\n    sessionStorage.setItem(\"ajkmart_vendor_refresh_token\", \"e2e-fake-vendor-refresh-token\");\n    localStorage.setItem(\"ajkmart_vendor_token\", \"e2e-fake-vendor-access-token\");\n  })(undefined)"},"stepId":"pw:api@36","pageId":"page@920b07f33ea5dbad31baa0c0fecc2124"}
{"type":"after","callId":"call@8","endTime":263775.958,"result":{"disposable":"<Disposable>"}}
{"type":"before","callId":"call@10","startTime":263785.317,"title":"Route requests","class":"Page","method":"setNetworkInterceptionPatterns","params":{"patterns":[{"glob":"**/api/vendor/me"}]},"stepId":"pw:api@37","pageId":"page@920b07f33ea5dbad31baa0c0fecc2124"}
{"type":"after","callId":"call@10","endTime":263826.841}
{"type":"before","callId":"call@12","startTime":263834.957,"title":"Route requests","class":"Page","method":"setNetworkInterceptionPatterns","params":{"patterns":[{"glob":"**/api/users/me"},{"glob":"**/api/vendor/me"}]},"stepId":"pw:api@38","pageId":"page@920b07f33ea5dbad31baa0c0fecc2124"}
{"type":"after","callId":"call@12","endTime":263835.192}
{"type":"before","callId":"call@14","startTime":263844.239,"title":"Route requests","class":"Page","method":"setNetworkInterceptionPatterns","params":{"patterns":[{"glob":"**/api/auth/me"},{"glob":"**/api/users/me"},{"glob":"**/api/vendor/me"}]},"stepId":"pw:api@39","pageId":"page@920b07f33ea5dbad31baa0c0fecc2124"}
{"type":"after","callId":"call@14","endTime":263845.639}
{"type":"before","callId":"call@16","startTime":263848.963,"title":"Route requests","class":"Page","method":"setNetworkInterceptionPatterns","params":{"patterns":[{"glob":"**/api/auth/refresh"},{"glob":"**/api/auth/me"},{"glob":"**/api/users/me"},{"glob":"**/api/vendor/me"}]},"stepId":"pw:api@40","pageId":"page@920b07f33ea5dbad31baa0c0fecc2124"}
{"type":"after","callId":"call@16","endTime":263849.079}
{"type":"before","callId":"call@18","startTime":263854.989,"title":"Route requests","class":"Page","method":"setNetworkInterceptionPatterns","params":{"patterns":[{"glob":"**/api/vendor/dashboard**"},{"glob":"**/api/auth/refresh"},{"glob":"**/api/auth/me"},{"glob":"**/api/users/me"},{"glob":"**/api/vendor/me"}]},"stepId":"pw:api@41","pageId":"page@920b07f33ea5dbad31baa0c0fecc2124"}
{"type":"after","callId":"call@18","endTime":263855.093}
{"type":"before","callId":"call@20","startTime":263858.26,"title":"Route requests","class":"Page","method":"setNetworkInterceptionPatterns","params":{"patterns":[{"glob":"**/api/vendor/analytics**"},{"glob":"**/api/vendor/dashboard**"},{"glob":"**/api/auth/refresh"},{"glob":"**/api/auth/me"},{"glob":"**/api/users/me"},{"glob":"**/api/vendor/me"}]},"stepId":"pw:api@42","pageId":"page@920b07f33ea5dbad31baa0c0fecc2124"}
{"type":"after","callId":"call@20","endTime":263858.397}
{"type":"before","callId":"call@22","startTime":263863.949,"title":"Route requests","class":"Page","method":"setNetworkInterceptionPatterns","params":{"patterns":[{"glob":"**/api/orders**"},{"glob":"**/api/vendor/analytics**"},{"glob":"**/api/vendor/dashboard**"},{"glob":"**/api/auth/refresh"},{"glob":"**/api/auth/me"},{"glob":"**/api/users/me"},{"glob":"**/api/vendor/me"}]},"stepId":"pw:api@43","pageId":"page@920b07f33ea5dbad31baa0c0fecc2124"}
{"type":"after","callId":"call@22","endTime":263864.067}
{"type":"before","callId":"call@24","startTime":263869.433,"title":"Route requests","class":"Page","method":"setNetworkInterceptionPatterns","params":{"patterns":[{"glob":"**/api/products**"},{"glob":"**/api/orders**"},{"glob":"**/api/vendor/analytics**"},{"glob":"**/api/vendor/dashboard**"},{"glob":"**/api/auth/refresh"},{"glob":"**/api/auth/me"},{"glob":"**/api/users/me"},{"glob":"**/api/vendor/me"}]},"stepId":"pw:api@44","pageId":"page@920b07f33ea5dbad31baa0c0fecc2124"}
{"type":"after","callId":"call@24","endTime":263869.548}
{"type":"before","callId":"call@26","startTime":263872.058,"title":"Route requests","class":"Page","method":"setNetworkInterceptionPatterns","params":{"patterns":[{"glob":"**/api/wallet**"},{"glob":"**/api/products**"},{"glob":"**/api/orders**"},{"glob":"**/api/vendor/analytics**"},{"glob":"**/api/vendor/dashboard**"},{"glob":"**/api/auth/refresh"},{"glob":"**/api/auth/me"},{"glob":"**/api/users/me"},{"glob":"**/api/vendor/me"}]},"stepId":"pw:api@45","pageId":"page@920b07f33ea5dbad31baa0c0fecc2124"}
{"type":"after","callId":"call@26","endTime":263872.133}
{"type":"before","callId":"call@28","startTime":263874.588,"title":"Route requests","class":"Page","method":"setNetworkInterceptionPatterns","params":{"patterns":[{"glob":"**/api/vendor/store**"},{"glob":"**/api/wallet**"},{"glob":"**/api/products**"},{"glob":"**/api/orders**"},{"glob":"**/api/vendor/analytics**"},{"glob":"**/api/vendor/dashboard**"},{"glob":"**/api/auth/refresh"},{"glob":"**/api/auth/me"},{"glob":"**/api/users/me"},{"glob":"**/api/vendor/me"}]},"stepId":"pw:api@46","pageId":"page@920b07f33ea5dbad31baa0c0fecc2124"}
{"type":"after","callId":"call@28","endTime":263874.67}
{"type":"screencast-frame","pageId":"page@920b07f33ea5dbad31baa0c0fecc2124","sha1":"page@920b07f33ea5dbad31baa0c0fecc2124-1779362662783.jpeg","width":1280,"height":720,"timestamp":263875.078,"frameSwapWallTime":1779362662771.4}
{"type":"before","callId":"call@30","startTime":263881.804,"title":"Route requests","class":"Page","method":"setNetworkInterceptionPatterns","params":{"patterns":[{"glob":"**/api/notifications**"},{"glob":"**/api/vendor/store**"},{"glob":"**/api/wallet**"},{"glob":"**/api/products**"},{"glob":"**/api/orders**"},{"glob":"**/api/vendor/analytics**"},{"glob":"**/api/vendor/dashboard**"},{"glob":"**/api/auth/refresh"},{"glob":"**/api/auth/me"},{"glob":"**/api/users/me"},{"glob":"**/api/vendor/me"}]},"stepId":"pw:api@47","pageId":"page@920b07f33ea5dbad31baa0c0fecc2124"}
{"type":"after","callId":"call@30","endTime":263881.923}
{"type":"before","callId":"call@32","startTime":263885.905,"title":"Route requests","class":"Page","method":"setNetworkInterceptionPatterns","params":{"patterns":[{"glob":"**/api/maps/config**"},{"glob":"**/api/notifications**"},{"glob":"**/api/vendor/store**"},{"glob":"**/api/wallet**"},{"glob":"**/api/products**"},{"glob":"**/api/orders**"},{"glob":"**/api/vendor/analytics**"},{"glob":"**/api/vendor/dashboard**"},{"glob":"**/api/auth/refresh"},{"glob":"**/api/auth/me"},{"glob":"**/api/users/me"},{"glob":"**/api/vendor/me"}]},"stepId":"pw:api@48","pageId":"page@920b07f33ea5dbad31baa0c0fecc2124"}
{"type":"after","callId":"call@32","endTime":263885.989}
{"type":"before","callId":"call@34","startTime":263893.127,"class":"Frame","method":"goto","params":{"url":"/vendor/products","timeout":0,"waitUntil":"load"},"stepId":"pw:api@49","pageId":"page@920b07f33ea5dbad31baa0c0fecc2124","beforeSnapshot":"before@call@34"}
{"type":"frame-snapshot","snapshot":{"callId":"call@34","snapshotName":"before@call@34","pageId":"page@920b07f33ea5dbad31baa0c0fecc2124","frameId":"frame@9c6473e2889a333c358053c6ac25c527","frameUrl":"about:blank","html":["HTML",{},["HEAD",{},["BASE",{"href":"about:blank"}]],["BODY"]],"viewport":{"width":1280,"height":720},"timestamp":263940.138,"wallTime":1779362662830,"collectionTime":24.5,"resourceOverrides":[],"isMainFrame":true}}
{"type":"log","callId":"call@34","time":263944.711,"message":"navigating to \"http://localhost:3001/vendor/products\", waiting until \"load\""}
{"type":"console","messageType":"debug","text":"[vite] connecting...","args":[{"preview":"[vite] connecting...","value":"[vite] connecting..."}],"location":{"url":"http://localhost:3001/vendor/@vite/client","lineNumber":732,"columnNumber":8},"time":264495.361,"pageId":"page@920b07f33ea5dbad31baa0c0fecc2124"}
{"type":"console","messageType":"error","text":"WebSocket connection to 'wss://localhost/vendor/?token=SmpLatGPNVF0' failed: Error in connection establishment: net::ERR_CONNECTION_REFUSED","args":[],"location":{"url":"http://localhost:3001/vendor/@vite/client","lineNumber":744,"columnNumber":0},"time":264561.703,"pageId":"page@920b07f33ea5dbad31baa0c0fecc2124"}
{"type":"console","messageType":"error","text":"[vite] failed to connect to websocket (Error: WebSocket closed without opened.). ","args":[{"preview":"[vite] failed to connect to websocket (Error: WebSocket closed without opened.). ","value":"[vite] failed to connect to websocket (Error: WebSocket closed without opened.). "}],"location":{"url":"http://localhost:3001/vendor/@vite/client","lineNumber":771,"columnNumber":12},"time":264563.113,"pageId":"page@920b07f33ea5dbad31baa0c0fecc2124"}
{"type":"console","messageType":"error","text":"[vite] Error: WebSocket closed without opened.\n    at WebSocket.<anonymous> (http://localhost:3001/vendor/@vite/client:423:30)","args":[{"preview":"[vite]","value":"[vite]"},{"preview":"Error: WebSocket closed without opened.\n    at WebSocket.<anonymous> (http://localhost:3001/vendor/@vite/client:423:30)"}],"location":{"url":"http://localhost:3001/vendor/@vite/client","lineNumber":808,"columnNumber":25},"time":264567.475,"pageId":"page@920b07f33ea5dbad31baa0c0fecc2124"}
{"type":"event","time":264568.13,"class":"BrowserContext","method":"pageError","params":{"error":{"error":{"message":"WebSocket closed without opened.","stack":"Error: WebSocket closed without opened.\n    at WebSocket.<anonymous> (http://localhost:3001/vendor/@vite/client:423:30)","name":"Error"}},"location":{"url":"http://localhost:3001/vendor/@vite/client","line":422,"column":29}},"pageId":"page@920b07f33ea5dbad31baa0c0fecc2124"}
{"type":"screencast-frame","pageId":"page@920b07f33ea5dbad31baa0c0fecc2124","sha1":"page@920b07f33ea5dbad31baa0c0fecc2124-1779362663481.jpeg","width":1280,"height":720,"timestamp":264573.559,"frameSwapWallTime":1779362663403.5972}
